The target system is: Linux - 1 - i686
The host system is: Linux - 2.6.32-754.15.3.el6.x86_64 - x86_64
Compiling the C compiler identification source file "CMakeCCompilerId.c" succeeded.
Compiler: /usr/bin/gcc 
Build flags: 
Id flags: 

The output was:
0


Compilation of the C compiler identification source "CMakeCCompilerId.c" produced "a.out"

The C compiler identification is GNU, found in "/home/dev/Training_workspace/CFS-101.final/build/cpu1/CMakeFiles/2.8.12.2/CompilerIdC/a.out"

Determining if the C compiler works passed with the following output:
Change Dir: /home/dev/Training_workspace/CFS-101.final/build/cpu1/CMakeFiles/CMakeTmp

Run Build Command:/usr/bin/gmake "cmTryCompileExec3608814417/fast"
gmake[1]: Entering directory `/home/dev/Training_workspace/CFS-101.final/build/cpu1/CMakeFiles/CMakeTmp'
/usr/bin/gmake -f CMakeFiles/cmTryCompileExec3608814417.dir/build.make CMakeFiles/cmTryCompileExec3608814417.dir/build
gmake[2]: Entering directory `/home/dev/Training_workspace/CFS-101.final/build/cpu1/CMakeFiles/CMakeTmp'
/usr/bin/cmake -E cmake_progress_report /home/dev/Training_workspace/CFS-101.final/build/cpu1/CMakeFiles/CMakeTmp/CMakeFiles 1
Building C object CMakeFiles/cmTryCompileExec3608814417.dir/testCCompiler.c.o
/usr/bin/gcc   -m32    -o CMakeFiles/cmTryCompileExec3608814417.dir/testCCompiler.c.o   -c /home/dev/Training_workspace/CFS-101.final/build/cpu1/CMakeFiles/CMakeTmp/testCCompiler.c
Linking C executable cmTryCompileExec3608814417
/usr/bin/cmake -E cmake_link_script CMakeFiles/cmTryCompileExec3608814417.dir/link.txt --verbose=1
/usr/bin/gcc  -m32     CMakeFiles/cmTryCompileExec3608814417.dir/testCCompiler.c.o  -o cmTryCompileExec3608814417 -rdynamic 
gmake[2]: Leaving directory `/home/dev/Training_workspace/CFS-101.final/build/cpu1/CMakeFiles/CMakeTmp'
gmake[1]: Leaving directory `/home/dev/Training_workspace/CFS-101.final/build/cpu1/CMakeFiles/CMakeTmp'


Detecting C compiler ABI info compiled with the following output:
Change Dir: /home/dev/Training_workspace/CFS-101.final/build/cpu1/CMakeFiles/CMakeTmp

Run Build Command:/usr/bin/gmake "cmTryCompileExec1938144368/fast"
gmake[1]: Entering directory `/home/dev/Training_workspace/CFS-101.final/build/cpu1/CMakeFiles/CMakeTmp'
/usr/bin/gmake -f CMakeFiles/cmTryCompileExec1938144368.dir/build.make CMakeFiles/cmTryCompileExec1938144368.dir/build
gmake[2]: Entering directory `/home/dev/Training_workspace/CFS-101.final/build/cpu1/CMakeFiles/CMakeTmp'
/usr/bin/cmake -E cmake_progress_report /home/dev/Training_workspace/CFS-101.final/build/cpu1/CMakeFiles/CMakeTmp/CMakeFiles 1
Building C object CMakeFiles/cmTryCompileExec1938144368.dir/CMakeCCompilerABI.c.o
/usr/bin/gcc   -m32    -o CMakeFiles/cmTryCompileExec1938144368.dir/CMakeCCompilerABI.c.o   -c /usr/share/cmake/Modules/CMakeCCompilerABI.c
Linking C executable cmTryCompileExec1938144368
/usr/bin/cmake -E cmake_link_script CMakeFiles/cmTryCompileExec1938144368.dir/link.txt --verbose=1
/usr/bin/gcc  -m32   -v CMakeFiles/cmTryCompileExec1938144368.dir/CMakeCCompilerABI.c.o  -o cmTryCompileExec1938144368 -rdynamic  
Using built-in specs.
Target: x86_64-redhat-linux
Configured with: ../configure --prefix=/usr --mandir=/usr/share/man --infodir=/usr/share/info --with-bugurl=http://bugzilla.redhat.com/bugzilla --enable-bootstrap --enable-shared --enable-threads=posix --enable-checking=release --with-system-zlib --enable-__cxa_atexit --disable-libunwind-exceptions --enable-gnu-unique-object --enable-languages=c,c++,objc,obj-c++,java,fortran,ada --enable-java-awt=gtk --disable-dssi --with-java-home=/usr/lib/jvm/java-1.5.0-gcj-1.5.0.0/jre --enable-libgcj-multifile --enable-java-maintainer-mode --with-ecj-jar=/usr/share/java/eclipse-ecj.jar --disable-libjava-multilib --with-ppl --with-cloog --with-tune=generic --with-arch_32=i686 --build=x86_64-redhat-linux
Thread model: posix
gcc version 4.4.7 20120313 (Red Hat 4.4.7-23) (GCC) 
COMPILER_PATH=/usr/libexec/gcc/x86_64-redhat-linux/4.4.7/:/usr/libexec/gcc/x86_64-redhat-linux/4.4.7/:/usr/libexec/gcc/x86_64-redhat-linux/:/usr/lib/gcc/x86_64-redhat-linux/4.4.7/:/usr/lib/gcc/x86_64-redhat-linux/:/usr/libexec/gcc/x86_64-redhat-linux/4.4.7/:/usr/libexec/gcc/x86_64-redhat-linux/:/usr/lib/gcc/x86_64-redhat-linux/4.4.7/:/usr/lib/gcc/x86_64-redhat-linux/
LIBRARY_PATH=/usr/lib/gcc/x86_64-redhat-linux/4.4.7/32/:/usr/lib/gcc/x86_64-redhat-linux/4.4.7/32/:/usr/lib/gcc/x86_64-redhat-linux/4.4.7/../../../../lib/:/lib/../lib/:/usr/lib/../lib/:/usr/lib/gcc/x86_64-redhat-linux/4.4.7/:/usr/lib/gcc/x86_64-redhat-linux/4.4.7/:/usr/lib/gcc/x86_64-redhat-linux/4.4.7/../../../:/lib/:/usr/lib/
COLLECT_GCC_OPTIONS='-m32' '-v' '-o' 'cmTryCompileExec1938144368' '-rdynamic' '-mtune=generic' '-march=i686'
 /usr/libexec/gcc/x86_64-redhat-linux/4.4.7/collect2 --eh-frame-hdr --build-id -m elf_i386 --hash-style=gnu -export-dynamic -dynamic-linker /lib/ld-linux.so.2 -o cmTryCompileExec1938144368 /usr/lib/gcc/x86_64-redhat-linux/4.4.7/../../../../lib/crt1.o /usr/lib/gcc/x86_64-redhat-linux/4.4.7/../../../../lib/crti.o /usr/lib/gcc/x86_64-redhat-linux/4.4.7/32/crtbegin.o -L/usr/lib/gcc/x86_64-redhat-linux/4.4.7/32 -L/usr/lib/gcc/x86_64-redhat-linux/4.4.7/32 -L/usr/lib/gcc/x86_64-redhat-linux/4.4.7/../../../../lib -L/lib/../lib -L/usr/lib/../lib -L/usr/lib/gcc/x86_64-redhat-linux/4.4.7 -L/usr/lib/gcc/x86_64-redhat-linux/4.4.7 -L/usr/lib/gcc/x86_64-redhat-linux/4.4.7/../../.. CMakeFiles/cmTryCompileExec1938144368.dir/CMakeCCompilerABI.c.o -lgcc --as-needed -lgcc_s --no-as-needed -lc -lgcc --as-needed -lgcc_s --no-as-needed /usr/lib/gcc/x86_64-redhat-linux/4.4.7/32/crtend.o /usr/lib/gcc/x86_64-redhat-linux/4.4.7/../../../../lib/crtn.o
gmake[2]: Leaving directory `/home/dev/Training_workspace/CFS-101.final/build/cpu1/CMakeFiles/CMakeTmp'
gmake[1]: Leaving directory `/home/dev/Training_workspace/CFS-101.final/build/cpu1/CMakeFiles/CMakeTmp'


Parsed C implicit link information from above output:
  link line regex: [^( *|.*[/\])(ld|([^/\]+-)?ld|collect2)[^/\]*( |$)]
  ignore line: [Change Dir: /home/dev/Training_workspace/CFS-101.final/build/cpu1/CMakeFiles/CMakeTmp]
  ignore line: []
  ignore line: [Run Build Command:/usr/bin/gmake "cmTryCompileExec1938144368/fast"]
  ignore line: [gmake[1]: Entering directory `/home/dev/Training_workspace/CFS-101.final/build/cpu1/CMakeFiles/CMakeTmp']
  ignore line: [/usr/bin/gmake -f CMakeFiles/cmTryCompileExec1938144368.dir/build.make CMakeFiles/cmTryCompileExec1938144368.dir/build]
  ignore line: [gmake[2]: Entering directory `/home/dev/Training_workspace/CFS-101.final/build/cpu1/CMakeFiles/CMakeTmp']
  ignore line: [/usr/bin/cmake -E cmake_progress_report /home/dev/Training_workspace/CFS-101.final/build/cpu1/CMakeFiles/CMakeTmp/CMakeFiles 1]
  ignore line: [Building C object CMakeFiles/cmTryCompileExec1938144368.dir/CMakeCCompilerABI.c.o]
  ignore line: [/usr/bin/gcc   -m32    -o CMakeFiles/cmTryCompileExec1938144368.dir/CMakeCCompilerABI.c.o   -c /usr/share/cmake/Modules/CMakeCCompilerABI.c]
  ignore line: [Linking C executable cmTryCompileExec1938144368]
  ignore line: [/usr/bin/cmake -E cmake_link_script CMakeFiles/cmTryCompileExec1938144368.dir/link.txt --verbose=1]
  ignore line: [/usr/bin/gcc  -m32   -v CMakeFiles/cmTryCompileExec1938144368.dir/CMakeCCompilerABI.c.o  -o cmTryCompileExec1938144368 -rdynamic  ]
  ignore line: [Using built-in specs.]
  ignore line: [Target: x86_64-redhat-linux]
  ignore line: [Configured with: ../configure --prefix=/usr --mandir=/usr/share/man --infodir=/usr/share/info --with-bugurl=http://bugzilla.redhat.com/bugzilla --enable-bootstrap --enable-shared --enable-threads=posix --enable-checking=release --with-system-zlib --enable-__cxa_atexit --disable-libunwind-exceptions --enable-gnu-unique-object --enable-languages=c,c++,objc,obj-c++,java,fortran,ada --enable-java-awt=gtk --disable-dssi --with-java-home=/usr/lib/jvm/java-1.5.0-gcj-1.5.0.0/jre --enable-libgcj-multifile --enable-java-maintainer-mode --with-ecj-jar=/usr/share/java/eclipse-ecj.jar --disable-libjava-multilib --with-ppl --with-cloog --with-tune=generic --with-arch_32=i686 --build=x86_64-redhat-linux]
  ignore line: [Thread model: posix]
  ignore line: [gcc version 4.4.7 20120313 (Red Hat 4.4.7-23) (GCC) ]
  ignore line: [COMPILER_PATH=/usr/libexec/gcc/x86_64-redhat-linux/4.4.7/:/usr/libexec/gcc/x86_64-redhat-linux/4.4.7/:/usr/libexec/gcc/x86_64-redhat-linux/:/usr/lib/gcc/x86_64-redhat-linux/4.4.7/:/usr/lib/gcc/x86_64-redhat-linux/:/usr/libexec/gcc/x86_64-redhat-linux/4.4.7/:/usr/libexec/gcc/x86_64-redhat-linux/:/usr/lib/gcc/x86_64-redhat-linux/4.4.7/:/usr/lib/gcc/x86_64-redhat-linux/]
  ignore line: [LIBRARY_PATH=/usr/lib/gcc/x86_64-redhat-linux/4.4.7/32/:/usr/lib/gcc/x86_64-redhat-linux/4.4.7/32/:/usr/lib/gcc/x86_64-redhat-linux/4.4.7/../../../../lib/:/lib/../lib/:/usr/lib/../lib/:/usr/lib/gcc/x86_64-redhat-linux/4.4.7/:/usr/lib/gcc/x86_64-redhat-linux/4.4.7/:/usr/lib/gcc/x86_64-redhat-linux/4.4.7/../../../:/lib/:/usr/lib/]
  ignore line: [COLLECT_GCC_OPTIONS='-m32' '-v' '-o' 'cmTryCompileExec1938144368' '-rdynamic' '-mtune=generic' '-march=i686']
  link line: [ /usr/libexec/gcc/x86_64-redhat-linux/4.4.7/collect2 --eh-frame-hdr --build-id -m elf_i386 --hash-style=gnu -export-dynamic -dynamic-linker /lib/ld-linux.so.2 -o cmTryCompileExec1938144368 /usr/lib/gcc/x86_64-redhat-linux/4.4.7/../../../../lib/crt1.o /usr/lib/gcc/x86_64-redhat-linux/4.4.7/../../../../lib/crti.o /usr/lib/gcc/x86_64-redhat-linux/4.4.7/32/crtbegin.o -L/usr/lib/gcc/x86_64-redhat-linux/4.4.7/32 -L/usr/lib/gcc/x86_64-redhat-linux/4.4.7/32 -L/usr/lib/gcc/x86_64-redhat-linux/4.4.7/../../../../lib -L/lib/../lib -L/usr/lib/../lib -L/usr/lib/gcc/x86_64-redhat-linux/4.4.7 -L/usr/lib/gcc/x86_64-redhat-linux/4.4.7 -L/usr/lib/gcc/x86_64-redhat-linux/4.4.7/../../.. CMakeFiles/cmTryCompileExec1938144368.dir/CMakeCCompilerABI.c.o -lgcc --as-needed -lgcc_s --no-as-needed -lc -lgcc --as-needed -lgcc_s --no-as-needed /usr/lib/gcc/x86_64-redhat-linux/4.4.7/32/crtend.o /usr/lib/gcc/x86_64-redhat-linux/4.4.7/../../../../lib/crtn.o]
    arg [/usr/libexec/gcc/x86_64-redhat-linux/4.4.7/collect2] ==> ignore
    arg [--eh-frame-hdr] ==> ignore
    arg [--build-id] ==> ignore
    arg [-m] ==> ignore
    arg [elf_i386] ==> ignore
    arg [--hash-style=gnu] ==> ignore
    arg [-export-dynamic] ==> ignore
    arg [-dynamic-linker] ==> ignore
    arg [/lib/ld-linux.so.2] ==> ignore
    arg [-o] ==> ignore
    arg [cmTryCompileExec1938144368] ==> ignore
    arg [/usr/lib/gcc/x86_64-redhat-linux/4.4.7/../../../../lib/crt1.o] ==> ignore
    arg [/usr/lib/gcc/x86_64-redhat-linux/4.4.7/../../../../lib/crti.o] ==> ignore
    arg [/usr/lib/gcc/x86_64-redhat-linux/4.4.7/32/crtbegin.o] ==> ignore
    arg [-L/usr/lib/gcc/x86_64-redhat-linux/4.4.7/32] ==> dir [/usr/lib/gcc/x86_64-redhat-linux/4.4.7/32]
    arg [-L/usr/lib/gcc/x86_64-redhat-linux/4.4.7/32] ==> dir [/usr/lib/gcc/x86_64-redhat-linux/4.4.7/32]
    arg [-L/usr/lib/gcc/x86_64-redhat-linux/4.4.7/../../../../lib] ==> dir [/usr/lib/gcc/x86_64-redhat-linux/4.4.7/../../../../lib]
    arg [-L/lib/../lib] ==> dir [/lib/../lib]
    arg [-L/usr/lib/../lib] ==> dir [/usr/lib/../lib]
    arg [-L/usr/lib/gcc/x86_64-redhat-linux/4.4.7] ==> dir [/usr/lib/gcc/x86_64-redhat-linux/4.4.7]
    arg [-L/usr/lib/gcc/x86_64-redhat-linux/4.4.7] ==> dir [/usr/lib/gcc/x86_64-redhat-linux/4.4.7]
    arg [-L/usr/lib/gcc/x86_64-redhat-linux/4.4.7/../../..] ==> dir [/usr/lib/gcc/x86_64-redhat-linux/4.4.7/../../..]
    arg [CMakeFiles/cmTryCompileExec1938144368.dir/CMakeCCompilerABI.c.o] ==> ignore
    arg [-lgcc] ==> lib [gcc]
    arg [--as-needed] ==> ignore
    arg [-lgcc_s] ==> lib [gcc_s]
    arg [--no-as-needed] ==> ignore
    arg [-lc] ==> lib [c]
    arg [-lgcc] ==> lib [gcc]
    arg [--as-needed] ==> ignore
    arg [-lgcc_s] ==> lib [gcc_s]
    arg [--no-as-needed] ==> ignore
    arg [/usr/lib/gcc/x86_64-redhat-linux/4.4.7/32/crtend.o] ==> ignore
    arg [/usr/lib/gcc/x86_64-redhat-linux/4.4.7/../../../../lib/crtn.o] ==> ignore
  remove lib [gcc]
  remove lib [gcc_s]
  remove lib [gcc]
  remove lib [gcc_s]
  collapse library dir [/usr/lib/gcc/x86_64-redhat-linux/4.4.7/32] ==> [/usr/lib/gcc/x86_64-redhat-linux/4.4.7/32]
  collapse library dir [/usr/lib/gcc/x86_64-redhat-linux/4.4.7/32] ==> [/usr/lib/gcc/x86_64-redhat-linux/4.4.7/32]
  collapse library dir [/usr/lib/gcc/x86_64-redhat-linux/4.4.7/../../../../lib] ==> [/usr/lib]
  collapse library dir [/lib/../lib] ==> [/lib]
  collapse library dir [/usr/lib/../lib] ==> [/usr/lib]
  collapse library dir [/usr/lib/gcc/x86_64-redhat-linux/4.4.7] ==> [/usr/lib/gcc/x86_64-redhat-linux/4.4.7]
  collapse library dir [/usr/lib/gcc/x86_64-redhat-linux/4.4.7] ==> [/usr/lib/gcc/x86_64-redhat-linux/4.4.7]
  collapse library dir [/usr/lib/gcc/x86_64-redhat-linux/4.4.7/../../..] ==> [/usr/lib]
  implicit libs: [c]
  implicit dirs: [/usr/lib/gcc/x86_64-redhat-linux/4.4.7/32;/usr/lib;/lib;/usr/lib/gcc/x86_64-redhat-linux/4.4.7]
  implicit fwks: []


